Unable to get Js Errors. Exception: 
exception 'PHPUnit_Extensions_Selenium2TestCase_WebDriverException' with message 'Error communicating with the remote browser. It may have died.
Build info: version: '2.44.0', revision: '76d78cf', time: '2014-10-23 20:02:37'
System info: host: 'D-KBP-00441599', ip: '10.224.53.134', os.name: 'Windows 7', os.arch: 'amd64', os.version: '6.1', java.version: '1.6.0_26'
Driver info: driver.version: EventFiringWebDriver
org.openqa.selenium.remote.UnreachableBrowserException' in C:\magento\m2dev2\magento2ce\dev\tests\functional\vendor\phpunit\phpunit-selenium\PHPUnit\Extensions\Selenium2TestCase\Driver.php:147
Stack trace:
#0 C:\magento\m2dev2\magento2ce\dev\tests\functional\vendor\phpunit\phpunit-selenium\PHPUnit\Extensions\Selenium2TestCase\Driver.php(156): PHPUnit_Extensions_Selenium2TestCase_Driver->curl('POST', Object(PHPUnit_Extensions_Selenium2TestCase_URL), Array)
#1 C:\magento\m2dev2\magento2ce\dev\tests\functional\vendor\phpunit\phpunit-selenium\PHPUnit\Extensions\Selenium2TestCase\CommandsHolder.php(100): PHPUnit_Extensions_Selenium2TestCase_Driver->execute(Object(PHPUnit_Extensions_Selenium2TestCase_ElementCommand_GenericPost))
#2 [internal function]: PHPUnit_Extensions_Selenium2TestCase_CommandsHolder->__call('execute', Array)
#3 [internal function]: PHPUnit_Extensions_Selenium2TestCase_Session->execute(Array)
#4 C:\magento\m2dev2\magento2ce\dev\tests\functional\vendor\phpunit\phpunit-selenium\PHPUnit\Extensions\Selenium2TestCase.php(344): call_user_func_array(Array, Array)
#5 C:\magento\m2dev2\magento2ce\dev\tests\functional\vendor\magento\mtf\Magento\Mtf\Client\Driver\Selenium\Driver.php(228): PHPUnit_Extensions_Selenium2TestCase->__call('execute', Array)
#6 C:\magento\m2dev2\magento2ce\dev\tests\functional\vendor\magento\mtf\Magento\Mtf\Client\Driver\Selenium\Driver.php(228): Magento\Mtf\Client\Driver\Selenium\RemoteDriver->execute(Array)
#7 C:\magento\m2dev2\magento2ce\dev\tests\functional\vendor\magento\mtf\Magento\Mtf\Client\Browser.php(265): Magento\Mtf\Client\Driver\Selenium\Driver->getJsErrors()
#8 C:\magento\m2dev2\magento2ce\dev\tests\functional\vendor\magento\mtf\Magento\Mtf\System\Observer\ClientError.php(67): Magento\Mtf\Client\Browser->getJsErrors()
#9 C:\magento\m2dev2\magento2ce\dev\tests\functional\vendor\magento\mtf\Magento\Mtf\System\Event\EventManager.php(101): Magento\Mtf\System\Observer\ClientError->process(Object(Magento\Mtf\System\Event\Event))
#10 C:\magento\m2dev2\magento2ce\dev\tests\functional\vendor\magento\mtf\Magento\Mtf\TestCase\Functional.php(343): Magento\Mtf\System\Event\EventManager->dispatchEvent(Array, Array)
#11 C:\magento\m2dev2\magento2ce\dev\tests\functional\vendor\phpunit\phpunit\src\Framework\TestResult.php(686): Magento\Mtf\TestCase\Functional->runBare()
#12 C:\magento\m2dev2\magento2ce\dev\tests\functional\vendor\phpunit\phpunit\src\Framework\TestCase.php(753): PHPUnit_Framework_TestResult->run(Object(Magento\Catalog\Test\TestCase\Product\NavigateUpSellProductsTest))
#13 C:\magento\m2dev2\magento2ce\dev\tests\functional\vendor\magento\mtf\Magento\Mtf\TestCase\Functional.php(222): PHPUnit_Framework_TestCase->run(Object(PHPUnit_Framework_TestResult))
#14 C:\magento\m2dev2\magento2ce\dev\tests\functional\vendor\magento\mtf\Magento\Mtf\TestCase\Injectable.php(209): Magento\Mtf\TestCase\Functional->run(Object(PHPUnit_Framework_TestResult))
#15 C:\magento\m2dev2\magento2ce\dev\tests\functional\vendor\magento\mtf\Magento\Mtf\TestCase\Injectable.php(169): Magento\Mtf\TestCase\Injectable->executeTestVariation(Object(PHPUnit_Framework_TestResult), Array)
#16 C:\magento\m2dev2\magento2ce\dev\tests\functional\vendor\phpunit\phpunit\src\Framework\TestSuite.php(714): Magento\Mtf\TestCase\Injectable->run(Object(PHPUnit_Framework_TestResult))
#17 C:\magento\m2dev2\magento2ce\dev\tests\functional\vendor\magento\mtf\Magento\Mtf\TestSuite\TestSuite.php(169): PHPUnit_Framework_TestSuite->runTest(Object(Magento\Catalog\Test\TestCase\Product\NavigateUpSellProductsTest), Object(PHPUnit_Framework_TestResult))
#18 C:\magento\m2dev2\magento2ce\dev\tests\functional\vendor\magento\mtf\Magento\Mtf\TestSuite\TestSuite.php(131): Magento\Mtf\TestSuite\TestSuite->run(Object(PHPUnit_Framework_TestResult), false, Array, Array, false)
#19 C:\magento\m2dev2\magento2ce\dev\tests\functional\vendor\magento\mtf\Magento\Mtf\TestSuite\Callback.php(76): Magento\Mtf\TestSuite\TestSuite->run(Object(PHPUnit_Framework_TestResult))
#20 C:\magento\m2dev2\magento2ce\dev\tests\functional\vendor\magento\mtf\Magento\Mtf\TestSuite\TestSuite.php(131): Magento\Mtf\TestSuite\Callback->run(Object(PHPUnit_Framework_TestResult), false, Array, Array, false)
#21 C:\magento\m2dev2\magento2ce\dev\tests\functional\vendor\magento\mtf\Magento\Mtf\TestSuite\TestCase.php(107): Magento\Mtf\TestSuite\TestSuite->run(Object(PHPUnit_Framework_TestResult))
#22 C:\magento\m2dev2\magento2ce\dev\tests\functional\vendor\magento\mtf\Magento\Mtf\TestSuite\TestSuite.php(131): Magento\Mtf\TestSuite\TestCase->run(Object(PHPUnit_Framework_TestResult), false, Array, Array, false)
#23 C:\magento\m2dev2\magento2ce\dev\tests\functional\vendor\phpunit\phpunit\src\TextUI\TestRunner.php(426): Magento\Mtf\TestSuite\TestSuite->run(Object(PHPUnit_Framework_TestResult))
#24 C:\PEAR\PHPUnit\TextUI\Command.php(176): PHPUnit_TextUI_TestRunner->doRun(Object(Magento\Mtf\TestSuite\AppState), Array)
#25 C:\Users\omanchenko\AppData\Local\Temp\ide-phpunit.php(243): PHPUnit_TextUI_Command->run(Array, true)
#26 C:\Users\omanchenko\AppData\Local\Temp\ide-phpunit.php(501): IDE_Base_PHPUnit_TextUI_Command::main()
#27 {main}
Unable to get Js Errors. Exception: 
exception 'PHPUnit_Extensions_Selenium2TestCase_WebDriverException' with message 'Build info: version: '2.44.0', revision: '76d78cf', time: '2014-10-23 20:02:37'
System info: host: 'D-KBP-00441599', ip: '10.224.53.134', os.name: 'Windows 7', os.arch: 'amd64', os.version: '6.1', java.version: '1.6.0_26'
Driver info: driver.version: unknown
org.openqa.selenium.remote.SessionNotFoundException' in C:\magento\m2dev2\magento2ce\dev\tests\functional\vendor\phpunit\phpunit-selenium\PHPUnit\Extensions\Selenium2TestCase\Driver.php:147
Stack trace:
#0 C:\magento\m2dev2\magento2ce\dev\tests\functional\vendor\phpunit\phpunit-selenium\PHPUnit\Extensions\Selenium2TestCase\Driver.php(156): PHPUnit_Extensions_Selenium2TestCase_Driver->curl('POST', Object(PHPUnit_Extensions_Selenium2TestCase_URL), Array)
#1 C:\magento\m2dev2\magento2ce\dev\tests\functional\vendor\phpunit\phpunit-selenium\PHPUnit\Extensions\Selenium2TestCase\CommandsHolder.php(100): PHPUnit_Extensions_Selenium2TestCase_Driver->execute(Object(PHPUnit_Extensions_Selenium2TestCase_ElementCommand_GenericPost))
#2 [internal function]: PHPUnit_Extensions_Selenium2TestCase_CommandsHolder->__call('execute', Array)
#3 [internal function]: PHPUnit_Extensions_Selenium2TestCase_Session->execute(Array)
#4 C:\magento\m2dev2\magento2ce\dev\tests\functional\vendor\phpunit\phpunit-selenium\PHPUnit\Extensions\Selenium2TestCase.php(344): call_user_func_array(Array, Array)
#5 C:\magento\m2dev2\magento2ce\dev\tests\functional\vendor\magento\mtf\Magento\Mtf\Client\Driver\Selenium\Driver.php(228): PHPUnit_Extensions_Selenium2TestCase->__call('execute', Array)
#6 C:\magento\m2dev2\magento2ce\dev\tests\functional\vendor\magento\mtf\Magento\Mtf\Client\Driver\Selenium\Driver.php(228): Magento\Mtf\Client\Driver\Selenium\RemoteDriver->execute(Array)
#7 C:\magento\m2dev2\magento2ce\dev\tests\functional\vendor\magento\mtf\Magento\Mtf\Client\Browser.php(265): Magento\Mtf\Client\Driver\Selenium\Driver->getJsErrors()
#8 C:\magento\m2dev2\magento2ce\dev\tests\functional\vendor\magento\mtf\Magento\Mtf\System\Observer\ClientError.php(67): Magento\Mtf\Client\Browser->getJsErrors()
#9 C:\magento\m2dev2\magento2ce\dev\tests\functional\vendor\magento\mtf\Magento\Mtf\System\Event\EventManager.php(101): Magento\Mtf\System\Observer\ClientError->process(Object(Magento\Mtf\System\Event\Event))
#10 C:\magento\m2dev2\magento2ce\dev\tests\functional\vendor\magento\mtf\Magento\Mtf\TestCase\Functional.php(343): Magento\Mtf\System\Event\EventManager->dispatchEvent(Array, Array)
#11 C:\magento\m2dev2\magento2ce\dev\tests\functional\vendor\phpunit\phpunit\src\Framework\TestResult.php(686): Magento\Mtf\TestCase\Functional->runBare()
#12 C:\magento\m2dev2\magento2ce\dev\tests\functional\vendor\phpunit\phpunit\src\Framework\TestCase.php(753): PHPUnit_Framework_TestResult->run(Object(Magento\Checkout\Test\TestCase\Guest\CheckMoneyOrderTest))
#13 C:\magento\m2dev2\magento2ce\dev\tests\functional\vendor\magento\mtf\Magento\Mtf\TestCase\Functional.php(222): PHPUnit_Framework_TestCase->run(Object(PHPUnit_Framework_TestResult))
#14 C:\magento\m2dev2\magento2ce\dev\tests\functional\vendor\phpunit\phpunit\src\Framework\TestSuite.php(675): Magento\Mtf\TestCase\Functional->run(Object(PHPUnit_Framework_TestResult))
#15 C:\magento\m2dev2\magento2ce\dev\tests\functional\vendor\phpunit\phpunit\src\TextUI\TestRunner.php(426): PHPUnit_Framework_TestSuite->run(Object(PHPUnit_Framework_TestResult))
#16 C:\PEAR\PHPUnit\TextUI\Command.php(176): PHPUnit_TextUI_TestRunner->doRun(Object(PHPUnit_Framework_TestSuite), Array)
#17 C:\Users\omanchenko\AppData\Local\Temp\ide-phpunit.php(243): PHPUnit_TextUI_Command->run(Array, true)
#18 C:\Users\omanchenko\AppData\Local\Temp\ide-phpunit.php(501): IDE_Base_PHPUnit_TextUI_Command::main()
#19 {main}
